archey4
auracle-git
auracle-git-debug
dynamips
feishin
figlet-fonts
figlet-fonts-extra
fortune-mod-archer
fortune-mod-archlinux
fortune-mod-asoiaf
fortune-mod-billwurtz
fortune-mod-brooklyn-nine-nine
fortune-mod-futurama
gns3-gui
gns3-server
libation
libwireplumber-4.0-compat
nordvpn-bin
odmpy
pa-dlna-git
plymouth-theme-arch-breeze-git
powerline-console-fonts
prowlarr
pwvucontrol
pycharm-community-jre
python-eyed3
python-iso639-lang
python-libpulse-git
python-poethepoet
qt5-websockets
rmpc-git
tiny-media-manager
ttf-ms-fonts
ubridge
vpcs
xivlauncher
xmousepasteblock-git
